[02/Dec/2014:13:38:34] ENGINE Listening for SIGHUP.
[02/Dec/2014:13:38:34] ENGINE Listening for SIGTERM.
[02/Dec/2014:13:38:34] ENGINE Listening for SIGUSR1.
[02/Dec/2014:13:38:34] ENGINE Bus STARTING
[02/Dec/2014:13:38:34] ENGINE Started monitor thread '_TimeoutMonitor'.
[02/Dec/2014:13:38:34] ENGINE Started monitor thread 'Autoreloader'.
[02/Dec/2014:13:38:34] ENGINE Serving on http://127.0.0.1:8888
[02/Dec/2014:13:38:34] ENGINE Bus STARTED
[02/Dec/2014:13:39:41] ENGINE Keyboard Interrupt: shutting down bus
[02/Dec/2014:13:39:41] ENGINE Bus STOPPING
[02/Dec/2014:13:39:41] ENGINE HTTP Server cherrypy._cpwsgi_server.CPWSGIServer(('127.0.0.1', 8888)) shut down
[02/Dec/2014:13:39:41] ENGINE Stopped thread '_TimeoutMonitor'.
[02/Dec/2014:13:39:41] ENGINE Stopped thread 'Autoreloader'.
[02/Dec/2014:13:39:41] ENGINE Bus STOPPED
[02/Dec/2014:13:39:41] ENGINE Bus EXITING
[02/Dec/2014:13:39:41] ENGINE Bus EXITED
[02/Dec/2014:13:39:41] ENGINE Waiting for child threads to terminate...
[02/Dec/2014:17:43:23] ENGINE Listening for SIGHUP.
[02/Dec/2014:17:43:23] ENGINE Listening for SIGTERM.
[02/Dec/2014:17:43:23] ENGINE Listening for SIGUSR1.
[02/Dec/2014:17:43:23] ENGINE Bus STARTING
[02/Dec/2014:17:43:23] ENGINE Started monitor thread '_TimeoutMonitor'.
[02/Dec/2014:17:43:23] ENGINE Started monitor thread 'Autoreloader'.
[02/Dec/2014:17:43:24] ENGINE Serving on http://127.0.0.1:8888
[02/Dec/2014:17:43:24] ENGINE Bus STARTED
[02/Dec/2014:17:44:47] HTTP Traceback (most recent call last):
  File "/usr/local/lib/python2.7/dist-packages/cherrypy/_cprequest.py", line 670, in respond
    response.body = self.handler()
  File "/usr/local/lib/python2.7/dist-packages/cherrypy/lib/encoding.py", line 217, in __call__
    self.body = self.oldhandler(*args, **kwargs)
  File "/usr/local/lib/python2.7/dist-packages/cherrypy/_cpdispatch.py", line 61, in __call__
    return self.callable(*self.args, **self.kwargs)
  File "main.py", line 143, in distributionOfCarBrand
    body = html.createHTMLtableFromSeries(table, ['car', 'number', 'percentage'])
  File "/home/kristine/Dropbox/python/BilbasenDataMining/html.py", line 12, in createHTMLtableFromSeries
    for index,row in series.iterrows():
AttributeError: 'list' object has no attribute 'iterrows'

[02/Dec/2014:17:44:47] HTTP 
Request Headers:
  Content-Length: 9
  REFERER: http://localhost:8888/distributions
  HOST: localhost:8888
  CONNECTION: keep-alive
  Remote-Addr: 127.0.0.1
  ACCEPT: text/html,application/xhtml+xml,application/xml;q=0.9,*/*;q=0.8
  USER-AGENT: Mozilla/5.0 (X11; Ubuntu; Linux x86_64; rv:33.0) Gecko/20100101 Firefox/33.0
  ACCEPT-LANGUAGE: en-US,en;q=0.5
  Content-Type: application/x-www-form-urlencoded
  ACCEPT-ENCODING: gzip, deflate
[02/Dec/2014:17:45:45] ENGINE Keyboard Interrupt: shutting down bus
[02/Dec/2014:17:45:45] ENGINE Bus STOPPING
[02/Dec/2014:17:45:45] ENGINE HTTP Server cherrypy._cpwsgi_server.CPWSGIServer(('127.0.0.1', 8888)) shut down
[02/Dec/2014:17:45:45] ENGINE Stopped thread '_TimeoutMonitor'.
[02/Dec/2014:17:45:45] ENGINE Stopped thread 'Autoreloader'.
[02/Dec/2014:17:45:45] ENGINE Bus STOPPED
[02/Dec/2014:17:45:45] ENGINE Bus EXITING
[02/Dec/2014:17:45:45] ENGINE Bus EXITED
[02/Dec/2014:17:45:45] ENGINE Waiting for child threads to terminate...
[02/Dec/2014:23:12:59] ENGINE Listening for SIGHUP.
[02/Dec/2014:23:12:59] ENGINE Listening for SIGTERM.
[02/Dec/2014:23:12:59] ENGINE Listening for SIGUSR1.
[02/Dec/2014:23:12:59] ENGINE Bus STARTING
[02/Dec/2014:23:12:59] ENGINE Started monitor thread '_TimeoutMonitor'.
[02/Dec/2014:23:12:59] ENGINE Started monitor thread 'Autoreloader'.
[02/Dec/2014:23:12:59] ENGINE Serving on http://127.0.0.1:8888
[02/Dec/2014:23:12:59] ENGINE Bus STARTED
[02/Dec/2014:23:13:18] HTTP Traceback (most recent call last):
  File "/usr/local/lib/python2.7/dist-packages/cherrypy/_cprequest.py", line 670, in respond
    response.body = self.handler()
  File "/usr/local/lib/python2.7/dist-packages/cherrypy/lib/encoding.py", line 217, in __call__
    self.body = self.oldhandler(*args, **kwargs)
  File "/usr/local/lib/python2.7/dist-packages/cherrypy/_cpdispatch.py", line 61, in __call__
    return self.callable(*self.args, **self.kwargs)
  File "main.py", line 113, in distributions
    table, ['car', 'number', 'percentage'])
  File "/home/kristine/Dropbox/python/BilbasenDataMining/html.py", line 12, in createHTMLtableFromSeries
    for index,row in series.iterrows():
AttributeError: 'list' object has no attribute 'iterrows'

[02/Dec/2014:23:13:18] HTTP 
Request Headers:
  REFERER: http://localhost:8888/
  HOST: localhost:8888
  CONNECTION: keep-alive
  Remote-Addr: 127.0.0.1
  ACCEPT: text/html,application/xhtml+xml,application/xml;q=0.9,*/*;q=0.8
  USER-AGENT: Mozilla/5.0 (X11; Ubuntu; Linux x86_64; rv:33.0) Gecko/20100101 Firefox/33.0
  ACCEPT-LANGUAGE: en-US,en;q=0.5
  ACCEPT-ENCODING: gzip, deflate
[02/Dec/2014:23:13:26] ENGINE Keyboard Interrupt: shutting down bus
[02/Dec/2014:23:13:26] ENGINE Bus STOPPING
[02/Dec/2014:23:13:28] ENGINE HTTP Server cherrypy._cpwsgi_server.CPWSGIServer(('127.0.0.1', 8888)) shut down
[02/Dec/2014:23:13:28] ENGINE Stopped thread 'Autoreloader'.
[02/Dec/2014:23:13:28] ENGINE Stopped thread '_TimeoutMonitor'.
[02/Dec/2014:23:13:28] ENGINE Bus STOPPED
[02/Dec/2014:23:13:28] ENGINE Bus EXITING
[02/Dec/2014:23:13:28] ENGINE Bus EXITED
[02/Dec/2014:23:13:28] ENGINE Waiting for child threads to terminate...
[02/Dec/2014:23:13:28] ENGINE Waiting for thread CP Server Thread-5.
[02/Dec/2014:23:15:03] ENGINE Listening for SIGHUP.
[02/Dec/2014:23:15:03] ENGINE Listening for SIGTERM.
[02/Dec/2014:23:15:03] ENGINE Listening for SIGUSR1.
[02/Dec/2014:23:15:03] ENGINE Bus STARTING
[02/Dec/2014:23:15:03] ENGINE Started monitor thread '_TimeoutMonitor'.
[02/Dec/2014:23:15:03] ENGINE Started monitor thread 'Autoreloader'.
[02/Dec/2014:23:15:04] ENGINE Serving on http://127.0.0.1:8888
[02/Dec/2014:23:15:04] ENGINE Bus STARTED
[02/Dec/2014:23:18:16] ENGINE Restarting because /home/kristine/Dropbox/python/BilbasenDataMining/bilbasen.py changed.
[02/Dec/2014:23:18:16] ENGINE Stopped thread 'Autoreloader'.
[02/Dec/2014:23:18:16] ENGINE Bus STOPPING
[02/Dec/2014:23:18:16] ENGINE HTTP Server cherrypy._cpwsgi_server.CPWSGIServer(('127.0.0.1', 8888)) shut down
[02/Dec/2014:23:18:16] ENGINE Stopped thread '_TimeoutMonitor'.
[02/Dec/2014:23:18:16] ENGINE Bus STOPPED
[02/Dec/2014:23:18:16] ENGINE Bus EXITING
[02/Dec/2014:23:18:16] ENGINE Bus EXITED
[02/Dec/2014:23:18:16] ENGINE Waiting for child threads to terminate...
[02/Dec/2014:23:18:16] ENGINE Re-spawning main.py
[02/Dec/2014:23:18:17] ENGINE Listening for SIGHUP.
[02/Dec/2014:23:18:17] ENGINE Listening for SIGTERM.
[02/Dec/2014:23:18:17] ENGINE Listening for SIGUSR1.
[02/Dec/2014:23:18:17] ENGINE Bus STARTING
[02/Dec/2014:23:18:17] ENGINE Started monitor thread '_TimeoutMonitor'.
[02/Dec/2014:23:18:17] ENGINE Started monitor thread 'Autoreloader'.
[02/Dec/2014:23:18:17] ENGINE Serving on http://127.0.0.1:8888
[02/Dec/2014:23:18:17] ENGINE Bus STARTED
[02/Dec/2014:23:18:20] ENGINE Restarting because /home/kristine/Dropbox/python/BilbasenDataMining/bilbasen.py changed.
[02/Dec/2014:23:18:20] ENGINE Stopped thread 'Autoreloader'.
[02/Dec/2014:23:18:20] ENGINE Bus STOPPING
[02/Dec/2014:23:18:20] ENGINE HTTP Server cherrypy._cpwsgi_server.CPWSGIServer(('127.0.0.1', 8888)) shut down
[02/Dec/2014:23:18:20] ENGINE Stopped thread '_TimeoutMonitor'.
[02/Dec/2014:23:18:20] ENGINE Bus STOPPED
[02/Dec/2014:23:18:20] ENGINE Bus EXITING
[02/Dec/2014:23:18:20] ENGINE Bus EXITED
[02/Dec/2014:23:18:20] ENGINE Waiting for child threads to terminate...
[02/Dec/2014:23:18:20] ENGINE Re-spawning main.py
[02/Dec/2014:23:18:21] ENGINE Listening for SIGHUP.
[02/Dec/2014:23:18:21] ENGINE Listening for SIGTERM.
[02/Dec/2014:23:18:21] ENGINE Listening for SIGUSR1.
[02/Dec/2014:23:18:21] ENGINE Bus STARTING
[02/Dec/2014:23:18:21] ENGINE Started monitor thread '_TimeoutMonitor'.
[02/Dec/2014:23:18:21] ENGINE Started monitor thread 'Autoreloader'.
[02/Dec/2014:23:18:21] ENGINE Serving on http://127.0.0.1:8888
[02/Dec/2014:23:18:21] ENGINE Bus STARTED
[02/Dec/2014:23:20:05] ENGINE Restarting because /home/kristine/Dropbox/python/BilbasenDataMining/bilbasen.py changed.
[02/Dec/2014:23:20:05] ENGINE Stopped thread 'Autoreloader'.
[02/Dec/2014:23:20:05] ENGINE Bus STOPPING
[02/Dec/2014:23:20:05] ENGINE HTTP Server cherrypy._cpwsgi_server.CPWSGIServer(('127.0.0.1', 8888)) shut down
[02/Dec/2014:23:20:05] ENGINE Stopped thread '_TimeoutMonitor'.
[02/Dec/2014:23:20:05] ENGINE Bus STOPPED
[02/Dec/2014:23:20:05] ENGINE Bus EXITING
[02/Dec/2014:23:20:05] ENGINE Bus EXITED
[02/Dec/2014:23:20:05] ENGINE Waiting for child threads to terminate...
[02/Dec/2014:23:20:05] ENGINE Re-spawning main.py
[02/Dec/2014:23:20:06] ENGINE Listening for SIGHUP.
[02/Dec/2014:23:20:06] ENGINE Listening for SIGTERM.
[02/Dec/2014:23:20:06] ENGINE Listening for SIGUSR1.
[02/Dec/2014:23:20:06] ENGINE Bus STARTING
[02/Dec/2014:23:20:06] ENGINE Started monitor thread '_TimeoutMonitor'.
[02/Dec/2014:23:20:06] ENGINE Started monitor thread 'Autoreloader'.
[02/Dec/2014:23:20:06] ENGINE Serving on http://127.0.0.1:8888
[02/Dec/2014:23:20:06] ENGINE Bus STARTED
[02/Dec/2014:23:20:06] ENGINE Keyboard Interrupt: shutting down bus
[02/Dec/2014:23:20:06] ENGINE Bus STOPPING
[02/Dec/2014:23:20:06] ENGINE HTTP Server cherrypy._cpwsgi_server.CPWSGIServer(('127.0.0.1', 8888)) shut down
[02/Dec/2014:23:20:06] ENGINE Stopped thread 'Autoreloader'.
[02/Dec/2014:23:20:06] ENGINE Stopped thread '_TimeoutMonitor'.
[02/Dec/2014:23:20:06] ENGINE Bus STOPPED
[02/Dec/2014:23:20:06] ENGINE Bus EXITING
[02/Dec/2014:23:20:06] ENGINE Bus EXITED
[02/Dec/2014:23:20:06] ENGINE Waiting for child threads to terminate...
[02/Dec/2014:23:20:23] ENGINE Listening for SIGHUP.
[02/Dec/2014:23:20:23] ENGINE Listening for SIGTERM.
[02/Dec/2014:23:20:23] ENGINE Listening for SIGUSR1.
[02/Dec/2014:23:20:23] ENGINE Bus STARTING
[02/Dec/2014:23:20:23] ENGINE Started monitor thread '_TimeoutMonitor'.
[02/Dec/2014:23:20:23] ENGINE Started monitor thread 'Autoreloader'.
[02/Dec/2014:23:20:23] ENGINE Serving on http://127.0.0.1:8888
[02/Dec/2014:23:20:23] ENGINE Bus STARTED
[02/Dec/2014:23:21:29] ENGINE Restarting because /home/kristine/Dropbox/python/BilbasenDataMining/bilbasen.py changed.
[02/Dec/2014:23:21:29] ENGINE Stopped thread 'Autoreloader'.
[02/Dec/2014:23:21:29] ENGINE Bus STOPPING
[02/Dec/2014:23:21:29] ENGINE HTTP Server cherrypy._cpwsgi_server.CPWSGIServer(('127.0.0.1', 8888)) shut down
[02/Dec/2014:23:21:29] ENGINE Stopped thread '_TimeoutMonitor'.
[02/Dec/2014:23:21:29] ENGINE Bus STOPPED
[02/Dec/2014:23:21:29] ENGINE Bus EXITING
[02/Dec/2014:23:21:29] ENGINE Bus EXITED
[02/Dec/2014:23:21:29] ENGINE Waiting for child threads to terminate...
[02/Dec/2014:23:21:29] ENGINE Re-spawning main.py
[02/Dec/2014:23:21:29] ENGINE Listening for SIGHUP.
[02/Dec/2014:23:21:29] ENGINE Listening for SIGTERM.
[02/Dec/2014:23:21:29] ENGINE Listening for SIGUSR1.
[02/Dec/2014:23:21:29] ENGINE Bus STARTING
[02/Dec/2014:23:21:29] ENGINE Started monitor thread '_TimeoutMonitor'.
[02/Dec/2014:23:21:29] ENGINE Started monitor thread 'Autoreloader'.
[02/Dec/2014:23:21:30] ENGINE Serving on http://127.0.0.1:8888
[02/Dec/2014:23:21:30] ENGINE Bus STARTED
[02/Dec/2014:23:21:41] ENGINE Restarting because /home/kristine/Dropbox/python/BilbasenDataMining/bilbasen.py changed.
[02/Dec/2014:23:21:41] ENGINE Stopped thread 'Autoreloader'.
[02/Dec/2014:23:21:41] ENGINE Bus STOPPING
[02/Dec/2014:23:21:41] ENGINE HTTP Server cherrypy._cpwsgi_server.CPWSGIServer(('127.0.0.1', 8888)) shut down
[02/Dec/2014:23:21:41] ENGINE Stopped thread '_TimeoutMonitor'.
[02/Dec/2014:23:21:41] ENGINE Bus STOPPED
[02/Dec/2014:23:21:41] ENGINE Bus EXITING
[02/Dec/2014:23:21:41] ENGINE Bus EXITED
[02/Dec/2014:23:21:41] ENGINE Waiting for child threads to terminate...
[02/Dec/2014:23:21:41] ENGINE Re-spawning main.py
[02/Dec/2014:23:21:42] ENGINE Listening for SIGHUP.
[02/Dec/2014:23:21:42] ENGINE Listening for SIGTERM.
[02/Dec/2014:23:21:42] ENGINE Listening for SIGUSR1.
[02/Dec/2014:23:21:42] ENGINE Bus STARTING
[02/Dec/2014:23:21:42] ENGINE Started monitor thread '_TimeoutMonitor'.
[02/Dec/2014:23:21:42] ENGINE Started monitor thread 'Autoreloader'.
[02/Dec/2014:23:21:42] ENGINE Serving on http://127.0.0.1:8888
[02/Dec/2014:23:21:42] ENGINE Bus STARTED
[02/Dec/2014:23:21:49] ENGINE Keyboard Interrupt: shutting down bus
[02/Dec/2014:23:21:49] ENGINE Bus STOPPING
[02/Dec/2014:23:21:49] ENGINE HTTP Server cherrypy._cpwsgi_server.CPWSGIServer(('127.0.0.1', 8888)) shut down
[02/Dec/2014:23:21:49] ENGINE Stopped thread 'Autoreloader'.
[02/Dec/2014:23:21:49] ENGINE Stopped thread '_TimeoutMonitor'.
[02/Dec/2014:23:21:49] ENGINE Bus STOPPED
[02/Dec/2014:23:21:49] ENGINE Bus EXITING
[02/Dec/2014:23:21:49] ENGINE Bus EXITED
[02/Dec/2014:23:21:49] ENGINE Waiting for child threads to terminate...
[02/Dec/2014:23:24:34] ENGINE Listening for SIGHUP.
[02/Dec/2014:23:24:34] ENGINE Listening for SIGTERM.
[02/Dec/2014:23:24:34] ENGINE Listening for SIGUSR1.
[02/Dec/2014:23:24:34] ENGINE Bus STARTING
[02/Dec/2014:23:24:34] ENGINE Started monitor thread '_TimeoutMonitor'.
[02/Dec/2014:23:24:34] ENGINE Started monitor thread 'Autoreloader'.
[02/Dec/2014:23:24:34] ENGINE Serving on http://127.0.0.1:8888
[02/Dec/2014:23:24:34] ENGINE Bus STARTED
[02/Dec/2014:23:25:53] ENGINE Restarting because /home/kristine/Dropbox/python/BilbasenDataMining/bilbasen.py changed.
[02/Dec/2014:23:25:53] ENGINE Stopped thread 'Autoreloader'.
[02/Dec/2014:23:25:53] ENGINE Bus STOPPING
[02/Dec/2014:23:25:53] ENGINE HTTP Server cherrypy._cpwsgi_server.CPWSGIServer(('127.0.0.1', 8888)) shut down
[02/Dec/2014:23:25:53] ENGINE Stopped thread '_TimeoutMonitor'.
[02/Dec/2014:23:25:53] ENGINE Bus STOPPED
[02/Dec/2014:23:25:53] ENGINE Bus EXITING
[02/Dec/2014:23:25:53] ENGINE Bus EXITED
[02/Dec/2014:23:25:53] ENGINE Waiting for child threads to terminate...
[02/Dec/2014:23:25:53] ENGINE Re-spawning main.py
[02/Dec/2014:23:25:54] ENGINE Listening for SIGHUP.
[02/Dec/2014:23:25:54] ENGINE Listening for SIGTERM.
[02/Dec/2014:23:25:54] ENGINE Listening for SIGUSR1.
[02/Dec/2014:23:25:54] ENGINE Bus STARTING
[02/Dec/2014:23:25:54] ENGINE Started monitor thread '_TimeoutMonitor'.
[02/Dec/2014:23:25:54] ENGINE Started monitor thread 'Autoreloader'.
[02/Dec/2014:23:25:54] ENGINE Serving on http://127.0.0.1:8888
[02/Dec/2014:23:25:54] ENGINE Bus STARTED
[02/Dec/2014:23:26:01] ENGINE Keyboard Interrupt: shutting down bus
[02/Dec/2014:23:26:01] ENGINE Bus STOPPING
[02/Dec/2014:23:26:01] ENGINE HTTP Server cherrypy._cpwsgi_server.CPWSGIServer(('127.0.0.1', 8888)) shut down
[02/Dec/2014:23:26:01] ENGINE Stopped thread 'Autoreloader'.
[02/Dec/2014:23:26:01] ENGINE Stopped thread '_TimeoutMonitor'.
[02/Dec/2014:23:26:01] ENGINE Bus STOPPED
[02/Dec/2014:23:26:01] ENGINE Bus EXITING
[02/Dec/2014:23:26:01] ENGINE Bus EXITED
[02/Dec/2014:23:26:01] ENGINE Waiting for child threads to terminate...
[02/Dec/2014:23:26:29] ENGINE Listening for SIGHUP.
[02/Dec/2014:23:26:29] ENGINE Listening for SIGTERM.
[02/Dec/2014:23:26:29] ENGINE Listening for SIGUSR1.
[02/Dec/2014:23:26:29] ENGINE Bus STARTING
[02/Dec/2014:23:26:29] ENGINE Started monitor thread '_TimeoutMonitor'.
[02/Dec/2014:23:26:29] ENGINE Started monitor thread 'Autoreloader'.
[02/Dec/2014:23:26:29] ENGINE Serving on http://127.0.0.1:8888
[02/Dec/2014:23:26:29] ENGINE Bus STARTED
[02/Dec/2014:23:27:13] ENGINE Restarting because /home/kristine/Dropbox/python/BilbasenDataMining/bilbasen.py changed.
[02/Dec/2014:23:27:13] ENGINE Stopped thread 'Autoreloader'.
[02/Dec/2014:23:27:13] ENGINE Bus STOPPING
[02/Dec/2014:23:27:13] ENGINE HTTP Server cherrypy._cpwsgi_server.CPWSGIServer(('127.0.0.1', 8888)) shut down
[02/Dec/2014:23:27:13] ENGINE Stopped thread '_TimeoutMonitor'.
[02/Dec/2014:23:27:13] ENGINE Bus STOPPED
[02/Dec/2014:23:27:13] ENGINE Bus EXITING
[02/Dec/2014:23:27:13] ENGINE Bus EXITED
[02/Dec/2014:23:27:13] ENGINE Waiting for child threads to terminate...
[02/Dec/2014:23:27:13] ENGINE Re-spawning main.py
[02/Dec/2014:23:27:14] ENGINE Listening for SIGHUP.
[02/Dec/2014:23:27:14] ENGINE Listening for SIGTERM.
[02/Dec/2014:23:27:14] ENGINE Listening for SIGUSR1.
[02/Dec/2014:23:27:14] ENGINE Bus STARTING
[02/Dec/2014:23:27:14] ENGINE Started monitor thread '_TimeoutMonitor'.
[02/Dec/2014:23:27:14] ENGINE Started monitor thread 'Autoreloader'.
[02/Dec/2014:23:27:14] ENGINE Serving on http://127.0.0.1:8888
[02/Dec/2014:23:27:14] ENGINE Bus STARTED
[02/Dec/2014:23:27:34] ENGINE Restarting because /home/kristine/Dropbox/python/BilbasenDataMining/bilbasen.py changed.
[02/Dec/2014:23:27:34] ENGINE Stopped thread 'Autoreloader'.
[02/Dec/2014:23:27:34] ENGINE Bus STOPPING
[02/Dec/2014:23:27:34] ENGINE HTTP Server cherrypy._cpwsgi_server.CPWSGIServer(('127.0.0.1', 8888)) shut down
[02/Dec/2014:23:27:34] ENGINE Stopped thread '_TimeoutMonitor'.
[02/Dec/2014:23:27:34] ENGINE Bus STOPPED
[02/Dec/2014:23:27:34] ENGINE Bus EXITING
[02/Dec/2014:23:27:34] ENGINE Bus EXITED
[02/Dec/2014:23:27:35] ENGINE Waiting for child threads to terminate...
[02/Dec/2014:23:27:35] ENGINE Re-spawning main.py
[02/Dec/2014:23:27:36] ENGINE Listening for SIGHUP.
[02/Dec/2014:23:27:36] ENGINE Listening for SIGTERM.
[02/Dec/2014:23:27:36] ENGINE Listening for SIGUSR1.
[02/Dec/2014:23:27:36] ENGINE Bus STARTING
[02/Dec/2014:23:27:36] ENGINE Started monitor thread '_TimeoutMonitor'.
[02/Dec/2014:23:27:36] ENGINE Started monitor thread 'Autoreloader'.
[02/Dec/2014:23:27:36] ENGINE Serving on http://127.0.0.1:8888
[02/Dec/2014:23:27:36] ENGINE Bus STARTED
[02/Dec/2014:23:29:39] ENGINE Restarting because /home/kristine/Dropbox/python/BilbasenDataMining/bilbasen.py changed.
[02/Dec/2014:23:29:39] ENGINE Stopped thread 'Autoreloader'.
[02/Dec/2014:23:29:39] ENGINE Bus STOPPING
[02/Dec/2014:23:29:39] ENGINE HTTP Server cherrypy._cpwsgi_server.CPWSGIServer(('127.0.0.1', 8888)) shut down
[02/Dec/2014:23:29:39] ENGINE Stopped thread '_TimeoutMonitor'.
[02/Dec/2014:23:29:39] ENGINE Bus STOPPED
[02/Dec/2014:23:29:39] ENGINE Bus EXITING
[02/Dec/2014:23:29:39] ENGINE Bus EXITED
[02/Dec/2014:23:29:39] ENGINE Waiting for child threads to terminate...
[02/Dec/2014:23:29:39] ENGINE Re-spawning main.py
[02/Dec/2014:23:29:40] ENGINE Listening for SIGHUP.
[02/Dec/2014:23:29:40] ENGINE Listening for SIGTERM.
[02/Dec/2014:23:29:40] ENGINE Listening for SIGUSR1.
[02/Dec/2014:23:29:40] ENGINE Bus STARTING
[02/Dec/2014:23:29:40] ENGINE Started monitor thread '_TimeoutMonitor'.
[02/Dec/2014:23:29:40] ENGINE Started monitor thread 'Autoreloader'.
[02/Dec/2014:23:29:40] ENGINE Serving on http://127.0.0.1:8888
[02/Dec/2014:23:29:40] ENGINE Bus STARTED
[02/Dec/2014:23:29:54] ENGINE Restarting because /home/kristine/Dropbox/python/BilbasenDataMining/bilbasen.py changed.
[02/Dec/2014:23:29:54] ENGINE Stopped thread 'Autoreloader'.
[02/Dec/2014:23:29:54] ENGINE Bus STOPPING
[02/Dec/2014:23:29:54] ENGINE HTTP Server cherrypy._cpwsgi_server.CPWSGIServer(('127.0.0.1', 8888)) shut down
[02/Dec/2014:23:29:54] ENGINE Stopped thread '_TimeoutMonitor'.
[02/Dec/2014:23:29:54] ENGINE Bus STOPPED
[02/Dec/2014:23:29:54] ENGINE Bus EXITING
[02/Dec/2014:23:29:54] ENGINE Bus EXITED
[02/Dec/2014:23:29:54] ENGINE Waiting for child threads to terminate...
[02/Dec/2014:23:29:54] ENGINE Re-spawning main.py
[02/Dec/2014:23:29:55] ENGINE Listening for SIGHUP.
[02/Dec/2014:23:29:55] ENGINE Listening for SIGTERM.
[02/Dec/2014:23:29:55] ENGINE Listening for SIGUSR1.
[02/Dec/2014:23:29:55] ENGINE Bus STARTING
[02/Dec/2014:23:29:55] ENGINE Started monitor thread '_TimeoutMonitor'.
[02/Dec/2014:23:29:55] ENGINE Started monitor thread 'Autoreloader'.
[02/Dec/2014:23:29:55] ENGINE Serving on http://127.0.0.1:8888
[02/Dec/2014:23:29:55] ENGINE Bus STARTED
[02/Dec/2014:23:29:57] ENGINE Keyboard Interrupt: shutting down bus
[02/Dec/2014:23:29:57] ENGINE Bus STOPPING
[02/Dec/2014:23:29:57] ENGINE HTTP Server cherrypy._cpwsgi_server.CPWSGIServer(('127.0.0.1', 8888)) shut down
[02/Dec/2014:23:29:57] ENGINE Stopped thread 'Autoreloader'.
[02/Dec/2014:23:29:57] ENGINE Stopped thread '_TimeoutMonitor'.
[02/Dec/2014:23:29:57] ENGINE Bus STOPPED
[02/Dec/2014:23:29:57] ENGINE Bus EXITING
[02/Dec/2014:23:29:57] ENGINE Bus EXITED
[02/Dec/2014:23:29:57] ENGINE Waiting for child threads to terminate...
[02/Dec/2014:23:30:13] ENGINE Listening for SIGHUP.
[02/Dec/2014:23:30:13] ENGINE Listening for SIGTERM.
[02/Dec/2014:23:30:13] ENGINE Listening for SIGUSR1.
[02/Dec/2014:23:30:13] ENGINE Bus STARTING
[02/Dec/2014:23:30:13] ENGINE Started monitor thread '_TimeoutMonitor'.
[02/Dec/2014:23:30:13] ENGINE Started monitor thread 'Autoreloader'.
[02/Dec/2014:23:30:13] ENGINE Serving on http://127.0.0.1:8888
[02/Dec/2014:23:30:13] ENGINE Bus STARTED
[02/Dec/2014:23:30:59] ENGINE Restarting because /home/kristine/Dropbox/python/BilbasenDataMining/bilbasen.py changed.
[02/Dec/2014:23:30:59] ENGINE Stopped thread 'Autoreloader'.
[02/Dec/2014:23:30:59] ENGINE Bus STOPPING
[02/Dec/2014:23:30:59] ENGINE HTTP Server cherrypy._cpwsgi_server.CPWSGIServer(('127.0.0.1', 8888)) shut down
[02/Dec/2014:23:30:59] ENGINE Stopped thread '_TimeoutMonitor'.
[02/Dec/2014:23:30:59] ENGINE Bus STOPPED
[02/Dec/2014:23:30:59] ENGINE Bus EXITING
[02/Dec/2014:23:30:59] ENGINE Bus EXITED
[02/Dec/2014:23:30:59] ENGINE Waiting for child threads to terminate...
[02/Dec/2014:23:30:59] ENGINE Re-spawning main.py
[02/Dec/2014:23:31:00] ENGINE Listening for SIGHUP.
[02/Dec/2014:23:31:00] ENGINE Listening for SIGTERM.
[02/Dec/2014:23:31:00] ENGINE Listening for SIGUSR1.
[02/Dec/2014:23:31:00] ENGINE Bus STARTING
[02/Dec/2014:23:31:00] ENGINE Started monitor thread '_TimeoutMonitor'.
[02/Dec/2014:23:31:00] ENGINE Started monitor thread 'Autoreloader'.
[02/Dec/2014:23:31:00] ENGINE Serving on http://127.0.0.1:8888
[02/Dec/2014:23:31:00] ENGINE Bus STARTED
[02/Dec/2014:23:31:10] ENGINE Restarting because /home/kristine/Dropbox/python/BilbasenDataMining/bilbasen.py changed.
[02/Dec/2014:23:31:10] ENGINE Stopped thread 'Autoreloader'.
[02/Dec/2014:23:31:10] ENGINE Bus STOPPING
[02/Dec/2014:23:31:10] ENGINE HTTP Server cherrypy._cpwsgi_server.CPWSGIServer(('127.0.0.1', 8888)) shut down
[02/Dec/2014:23:31:10] ENGINE Stopped thread '_TimeoutMonitor'.
[02/Dec/2014:23:31:10] ENGINE Bus STOPPED
[02/Dec/2014:23:31:10] ENGINE Bus EXITING
[02/Dec/2014:23:31:10] ENGINE Bus EXITED
[02/Dec/2014:23:31:10] ENGINE Waiting for child threads to terminate...
[02/Dec/2014:23:31:10] ENGINE Re-spawning main.py
[02/Dec/2014:23:31:11] ENGINE Listening for SIGHUP.
[02/Dec/2014:23:31:11] ENGINE Listening for SIGTERM.
[02/Dec/2014:23:31:11] ENGINE Listening for SIGUSR1.
[02/Dec/2014:23:31:11] ENGINE Bus STARTING
[02/Dec/2014:23:31:11] ENGINE Started monitor thread '_TimeoutMonitor'.
[02/Dec/2014:23:31:11] ENGINE Started monitor thread 'Autoreloader'.
[02/Dec/2014:23:31:12] ENGINE Serving on http://127.0.0.1:8888
[02/Dec/2014:23:31:12] ENGINE Bus STARTED
[02/Dec/2014:23:31:33] ENGINE Restarting because /home/kristine/Dropbox/python/BilbasenDataMining/bilbasen.py changed.
[02/Dec/2014:23:31:33] ENGINE Stopped thread 'Autoreloader'.
[02/Dec/2014:23:31:33] ENGINE Bus STOPPING
[02/Dec/2014:23:31:33] ENGINE HTTP Server cherrypy._cpwsgi_server.CPWSGIServer(('127.0.0.1', 8888)) shut down
[02/Dec/2014:23:31:33] ENGINE Stopped thread '_TimeoutMonitor'.
[02/Dec/2014:23:31:33] ENGINE Bus STOPPED
[02/Dec/2014:23:31:33] ENGINE Bus EXITING
[02/Dec/2014:23:31:33] ENGINE Bus EXITED
[02/Dec/2014:23:31:33] ENGINE Waiting for child threads to terminate...
[02/Dec/2014:23:31:33] ENGINE Re-spawning main.py
[02/Dec/2014:23:31:34] ENGINE Listening for SIGHUP.
[02/Dec/2014:23:31:34] ENGINE Listening for SIGTERM.
[02/Dec/2014:23:31:34] ENGINE Listening for SIGUSR1.
[02/Dec/2014:23:31:34] ENGINE Bus STARTING
[02/Dec/2014:23:31:34] ENGINE Started monitor thread '_TimeoutMonitor'.
[02/Dec/2014:23:31:34] ENGINE Started monitor thread 'Autoreloader'.
[02/Dec/2014:23:31:34] ENGINE Serving on http://127.0.0.1:8888
[02/Dec/2014:23:31:34] ENGINE Bus STARTED
[02/Dec/2014:23:31:47] ENGINE Restarting because /home/kristine/Dropbox/python/BilbasenDataMining/bilbasen.py changed.
[02/Dec/2014:23:31:47] ENGINE Stopped thread 'Autoreloader'.
[02/Dec/2014:23:31:47] ENGINE Bus STOPPING
[02/Dec/2014:23:31:47] ENGINE HTTP Server cherrypy._cpwsgi_server.CPWSGIServer(('127.0.0.1', 8888)) shut down
[02/Dec/2014:23:31:47] ENGINE Stopped thread '_TimeoutMonitor'.
[02/Dec/2014:23:31:47] ENGINE Bus STOPPED
[02/Dec/2014:23:31:47] ENGINE Bus EXITING
[02/Dec/2014:23:31:47] ENGINE Bus EXITED
[02/Dec/2014:23:31:47] ENGINE Waiting for child threads to terminate...
[02/Dec/2014:23:31:47] ENGINE Re-spawning main.py
[02/Dec/2014:23:31:48] ENGINE Listening for SIGHUP.
[02/Dec/2014:23:31:48] ENGINE Listening for SIGTERM.
[02/Dec/2014:23:31:48] ENGINE Listening for SIGUSR1.
[02/Dec/2014:23:31:48] ENGINE Bus STARTING
[02/Dec/2014:23:31:48] ENGINE Started monitor thread '_TimeoutMonitor'.
[02/Dec/2014:23:31:48] ENGINE Started monitor thread 'Autoreloader'.
[02/Dec/2014:23:31:48] ENGINE Serving on http://127.0.0.1:8888
[02/Dec/2014:23:31:48] ENGINE Bus STARTED
[02/Dec/2014:23:31:50] ENGINE Keyboard Interrupt: shutting down bus
[02/Dec/2014:23:31:50] ENGINE Bus STOPPING
[02/Dec/2014:23:31:50] ENGINE HTTP Server cherrypy._cpwsgi_server.CPWSGIServer(('127.0.0.1', 8888)) shut down
[02/Dec/2014:23:31:50] ENGINE Stopped thread 'Autoreloader'.
[02/Dec/2014:23:31:50] ENGINE Stopped thread '_TimeoutMonitor'.
[02/Dec/2014:23:31:50] ENGINE Bus STOPPED
[02/Dec/2014:23:31:50] ENGINE Bus EXITING
[02/Dec/2014:23:31:50] ENGINE Bus EXITED
[02/Dec/2014:23:31:50] ENGINE Waiting for child threads to terminate...
[02/Dec/2014:23:32:06] ENGINE Listening for SIGHUP.
[02/Dec/2014:23:32:06] ENGINE Listening for SIGTERM.
[02/Dec/2014:23:32:06] ENGINE Listening for SIGUSR1.
[02/Dec/2014:23:32:06] ENGINE Bus STARTING
[02/Dec/2014:23:32:06] ENGINE Started monitor thread '_TimeoutMonitor'.
[02/Dec/2014:23:32:06] ENGINE Started monitor thread 'Autoreloader'.
[02/Dec/2014:23:32:06] ENGINE Serving on http://127.0.0.1:8888
[02/Dec/2014:23:32:06] ENGINE Bus STARTED
[02/Dec/2014:23:32:37] HTTP Traceback (most recent call last):
  File "/usr/local/lib/python2.7/dist-packages/cherrypy/_cprequest.py", line 670, in respond
    response.body = self.handler()
  File "/usr/local/lib/python2.7/dist-packages/cherrypy/lib/encoding.py", line 217, in __call__
    self.body = self.oldhandler(*args, **kwargs)
  File "/usr/local/lib/python2.7/dist-packages/cherrypy/_cpdispatch.py", line 61, in __call__
    return self.callable(*self.args, **self.kwargs)
  File "main.py", line 149, in distributionOfCarBrand
    table = datamining.getDistributionOneBrand(newest_table, str(brand))
UnicodeEncodeError: 'ascii' codec can't encode character u'\u1ebd' in position 5: ordinal not in range(128)

[02/Dec/2014:23:32:37] HTTP 
Request Headers:
  Content-Length: 21
  REFERER: http://localhost:8888/distributions
  HOST: localhost:8888
  CONNECTION: keep-alive
  Remote-Addr: 127.0.0.1
  ACCEPT: text/html,application/xhtml+xml,application/xml;q=0.9,*/*;q=0.8
  USER-AGENT: Mozilla/5.0 (X11; Ubuntu; Linux x86_64; rv:33.0) Gecko/20100101 Firefox/33.0
  ACCEPT-LANGUAGE: en-US,en;q=0.5
  Content-Type: application/x-www-form-urlencoded
  ACCEPT-ENCODING: gzip, deflate
[02/Dec/2014:23:35:15] ENGINE Restarting because /home/kristine/Dropbox/python/BilbasenDataMining/bilbasen.py changed.
[02/Dec/2014:23:35:15] ENGINE Stopped thread 'Autoreloader'.
[02/Dec/2014:23:35:15] ENGINE Bus STOPPING
[02/Dec/2014:23:35:15] ENGINE HTTP Server cherrypy._cpwsgi_server.CPWSGIServer(('127.0.0.1', 8888)) shut down
[02/Dec/2014:23:35:15] ENGINE Stopped thread '_TimeoutMonitor'.
[02/Dec/2014:23:35:15] ENGINE Bus STOPPED
[02/Dec/2014:23:35:15] ENGINE Bus EXITING
[02/Dec/2014:23:35:15] ENGINE Bus EXITED
[02/Dec/2014:23:35:15] ENGINE Waiting for child threads to terminate...
[02/Dec/2014:23:35:15] ENGINE Re-spawning main.py
[02/Dec/2014:23:35:17] ENGINE Listening for SIGHUP.
[02/Dec/2014:23:35:17] ENGINE Listening for SIGTERM.
[02/Dec/2014:23:35:17] ENGINE Listening for SIGUSR1.
[02/Dec/2014:23:35:17] ENGINE Bus STARTING
[02/Dec/2014:23:35:17] ENGINE Started monitor thread '_TimeoutMonitor'.
[02/Dec/2014:23:35:17] ENGINE Started monitor thread 'Autoreloader'.
[02/Dec/2014:23:35:17] ENGINE Serving on http://127.0.0.1:8888
[02/Dec/2014:23:35:17] ENGINE Bus STARTED
[02/Dec/2014:23:37:53] ENGINE Restarting because /home/kristine/Dropbox/python/BilbasenDataMining/bilbasen.py changed.
[02/Dec/2014:23:37:53] ENGINE Stopped thread 'Autoreloader'.
[02/Dec/2014:23:37:53] ENGINE Bus STOPPING
[02/Dec/2014:23:37:53] ENGINE HTTP Server cherrypy._cpwsgi_server.CPWSGIServer(('127.0.0.1', 8888)) shut down
[02/Dec/2014:23:37:53] ENGINE Stopped thread '_TimeoutMonitor'.
[02/Dec/2014:23:37:53] ENGINE Bus STOPPED
[02/Dec/2014:23:37:53] ENGINE Bus EXITING
[02/Dec/2014:23:37:53] ENGINE Bus EXITED
[02/Dec/2014:23:37:53] ENGINE Waiting for child threads to terminate...
[02/Dec/2014:23:37:53] ENGINE Re-spawning main.py
[02/Dec/2014:23:37:54] ENGINE Listening for SIGHUP.
[02/Dec/2014:23:37:54] ENGINE Listening for SIGTERM.
[02/Dec/2014:23:37:54] ENGINE Listening for SIGUSR1.
[02/Dec/2014:23:37:54] ENGINE Bus STARTING
[02/Dec/2014:23:37:54] ENGINE Started monitor thread '_TimeoutMonitor'.
[02/Dec/2014:23:37:54] ENGINE Started monitor thread 'Autoreloader'.
[02/Dec/2014:23:37:54] ENGINE Serving on http://127.0.0.1:8888
[02/Dec/2014:23:37:54] ENGINE Bus STARTED
[02/Dec/2014:23:38:26] ENGINE Restarting because /home/kristine/Dropbox/python/BilbasenDataMining/bilbasen.py changed.
[02/Dec/2014:23:38:26] ENGINE Stopped thread 'Autoreloader'.
[02/Dec/2014:23:38:26] ENGINE Bus STOPPING
[02/Dec/2014:23:38:26] ENGINE HTTP Server cherrypy._cpwsgi_server.CPWSGIServer(('127.0.0.1', 8888)) shut down
[02/Dec/2014:23:38:26] ENGINE Stopped thread '_TimeoutMonitor'.
[02/Dec/2014:23:38:26] ENGINE Bus STOPPED
[02/Dec/2014:23:38:26] ENGINE Bus EXITING
[02/Dec/2014:23:38:26] ENGINE Bus EXITED
[02/Dec/2014:23:38:26] ENGINE Waiting for child threads to terminate...
[02/Dec/2014:23:38:26] ENGINE Re-spawning main.py
[02/Dec/2014:23:38:27] ENGINE Listening for SIGHUP.
[02/Dec/2014:23:38:27] ENGINE Listening for SIGTERM.
[02/Dec/2014:23:38:27] ENGINE Listening for SIGUSR1.
[02/Dec/2014:23:38:27] ENGINE Bus STARTING
[02/Dec/2014:23:38:27] ENGINE Started monitor thread '_TimeoutMonitor'.
[02/Dec/2014:23:38:27] ENGINE Started monitor thread 'Autoreloader'.
[02/Dec/2014:23:38:27] ENGINE Serving on http://127.0.0.1:8888
[02/Dec/2014:23:38:27] ENGINE Bus STARTED
[02/Dec/2014:23:38:46] ENGINE Restarting because /home/kristine/Dropbox/python/BilbasenDataMining/bilbasen.py changed.
[02/Dec/2014:23:38:46] ENGINE Stopped thread 'Autoreloader'.
[02/Dec/2014:23:38:46] ENGINE Bus STOPPING
[02/Dec/2014:23:38:46] ENGINE HTTP Server cherrypy._cpwsgi_server.CPWSGIServer(('127.0.0.1', 8888)) shut down
[02/Dec/2014:23:38:46] ENGINE Stopped thread '_TimeoutMonitor'.
[02/Dec/2014:23:38:46] ENGINE Bus STOPPED
[02/Dec/2014:23:38:46] ENGINE Bus EXITING
[02/Dec/2014:23:38:46] ENGINE Bus EXITED
[02/Dec/2014:23:38:46] ENGINE Waiting for child threads to terminate...
[02/Dec/2014:23:38:46] ENGINE Re-spawning main.py
[02/Dec/2014:23:38:47] ENGINE Listening for SIGHUP.
[02/Dec/2014:23:38:47] ENGINE Listening for SIGTERM.
[02/Dec/2014:23:38:47] ENGINE Listening for SIGUSR1.
[02/Dec/2014:23:38:47] ENGINE Bus STARTING
[02/Dec/2014:23:38:47] ENGINE Started monitor thread '_TimeoutMonitor'.
[02/Dec/2014:23:38:47] ENGINE Started monitor thread 'Autoreloader'.
[02/Dec/2014:23:38:47] ENGINE Serving on http://127.0.0.1:8888
[02/Dec/2014:23:38:47] ENGINE Bus STARTED
[02/Dec/2014:23:39:08] ENGINE Restarting because /home/kristine/Dropbox/python/BilbasenDataMining/bilbasen.py changed.
[02/Dec/2014:23:39:08] ENGINE Stopped thread 'Autoreloader'.
[02/Dec/2014:23:39:08] ENGINE Bus STOPPING
[02/Dec/2014:23:39:08] ENGINE HTTP Server cherrypy._cpwsgi_server.CPWSGIServer(('127.0.0.1', 8888)) shut down
[02/Dec/2014:23:39:08] ENGINE Stopped thread '_TimeoutMonitor'.
[02/Dec/2014:23:39:08] ENGINE Bus STOPPED
[02/Dec/2014:23:39:08] ENGINE Bus EXITING
[02/Dec/2014:23:39:08] ENGINE Bus EXITED
[02/Dec/2014:23:39:08] ENGINE Waiting for child threads to terminate...
[02/Dec/2014:23:39:08] ENGINE Re-spawning main.py
[02/Dec/2014:23:39:09] ENGINE Listening for SIGHUP.
[02/Dec/2014:23:39:09] ENGINE Listening for SIGTERM.
[02/Dec/2014:23:39:09] ENGINE Listening for SIGUSR1.
[02/Dec/2014:23:39:09] ENGINE Bus STARTING
[02/Dec/2014:23:39:09] ENGINE Started monitor thread '_TimeoutMonitor'.
[02/Dec/2014:23:39:09] ENGINE Started monitor thread 'Autoreloader'.
[02/Dec/2014:23:39:09] ENGINE Serving on http://127.0.0.1:8888
[02/Dec/2014:23:39:09] ENGINE Bus STARTED
[02/Dec/2014:23:48:34] ENGINE Restarting because /home/kristine/Dropbox/python/BilbasenDataMining/bilbasen.py changed.
[02/Dec/2014:23:48:34] ENGINE Stopped thread 'Autoreloader'.
[02/Dec/2014:23:48:34] ENGINE Bus STOPPING
[02/Dec/2014:23:48:34] ENGINE HTTP Server cherrypy._cpwsgi_server.CPWSGIServer(('127.0.0.1', 8888)) shut down
[02/Dec/2014:23:48:34] ENGINE Stopped thread '_TimeoutMonitor'.
[02/Dec/2014:23:48:34] ENGINE Bus STOPPED
[02/Dec/2014:23:48:34] ENGINE Bus EXITING
[02/Dec/2014:23:48:34] ENGINE Bus EXITED
[02/Dec/2014:23:48:34] ENGINE Waiting for child threads to terminate...
[02/Dec/2014:23:48:34] ENGINE Re-spawning main.py
[02/Dec/2014:23:48:36] ENGINE Listening for SIGHUP.
[02/Dec/2014:23:48:36] ENGINE Listening for SIGTERM.
[02/Dec/2014:23:48:36] ENGINE Listening for SIGUSR1.
[02/Dec/2014:23:48:36] ENGINE Bus STARTING
[02/Dec/2014:23:48:36] ENGINE Started monitor thread '_TimeoutMonitor'.
[02/Dec/2014:23:48:36] ENGINE Started monitor thread 'Autoreloader'.
[02/Dec/2014:23:48:36] ENGINE Serving on http://127.0.0.1:8888
[02/Dec/2014:23:48:36] ENGINE Bus STARTED
[02/Dec/2014:23:48:39] ENGINE Restarting because /home/kristine/Dropbox/python/BilbasenDataMining/bilbasen.py changed.
[02/Dec/2014:23:48:39] ENGINE Stopped thread 'Autoreloader'.
[02/Dec/2014:23:48:39] ENGINE Bus STOPPING
[02/Dec/2014:23:48:39] ENGINE HTTP Server cherrypy._cpwsgi_server.CPWSGIServer(('127.0.0.1', 8888)) shut down
[02/Dec/2014:23:48:39] ENGINE Stopped thread '_TimeoutMonitor'.
[02/Dec/2014:23:48:39] ENGINE Bus STOPPED
[02/Dec/2014:23:48:39] ENGINE Bus EXITING
[02/Dec/2014:23:48:39] ENGINE Bus EXITED
[02/Dec/2014:23:48:39] ENGINE Waiting for child threads to terminate...
[02/Dec/2014:23:48:39] ENGINE Re-spawning main.py
[02/Dec/2014:23:48:40] ENGINE Listening for SIGHUP.
[02/Dec/2014:23:48:40] ENGINE Listening for SIGTERM.
[02/Dec/2014:23:48:40] ENGINE Listening for SIGUSR1.
[02/Dec/2014:23:48:40] ENGINE Bus STARTING
[02/Dec/2014:23:48:40] ENGINE Started monitor thread '_TimeoutMonitor'.
[02/Dec/2014:23:48:40] ENGINE Started monitor thread 'Autoreloader'.
[02/Dec/2014:23:48:40] ENGINE Serving on http://127.0.0.1:8888
[02/Dec/2014:23:48:40] ENGINE Bus STARTED
[02/Dec/2014:23:48:42] ENGINE Restarting because /home/kristine/Dropbox/python/BilbasenDataMining/bilbasen.py changed.
[02/Dec/2014:23:48:42] ENGINE Stopped thread 'Autoreloader'.
[02/Dec/2014:23:48:42] ENGINE Bus STOPPING
[02/Dec/2014:23:48:42] ENGINE HTTP Server cherrypy._cpwsgi_server.CPWSGIServer(('127.0.0.1', 8888)) shut down
[02/Dec/2014:23:48:42] ENGINE Stopped thread '_TimeoutMonitor'.
[02/Dec/2014:23:48:42] ENGINE Bus STOPPED
[02/Dec/2014:23:48:42] ENGINE Bus EXITING
[02/Dec/2014:23:48:42] ENGINE Bus EXITED
[02/Dec/2014:23:48:42] ENGINE Waiting for child threads to terminate...
[02/Dec/2014:23:48:42] ENGINE Re-spawning main.py
[02/Dec/2014:23:48:43] ENGINE Listening for SIGHUP.
[02/Dec/2014:23:48:43] ENGINE Listening for SIGTERM.
[02/Dec/2014:23:48:43] ENGINE Listening for SIGUSR1.
[02/Dec/2014:23:48:43] ENGINE Bus STARTING
[02/Dec/2014:23:48:43] ENGINE Started monitor thread '_TimeoutMonitor'.
[02/Dec/2014:23:48:43] ENGINE Started monitor thread 'Autoreloader'.
[02/Dec/2014:23:48:43] ENGINE Serving on http://127.0.0.1:8888
[02/Dec/2014:23:48:43] ENGINE Bus STARTED
[02/Dec/2014:23:48:46] ENGINE Restarting because /home/kristine/Dropbox/python/BilbasenDataMining/bilbasen.py changed.
[02/Dec/2014:23:48:46] ENGINE Stopped thread 'Autoreloader'.
[02/Dec/2014:23:48:46] ENGINE Bus STOPPING
[02/Dec/2014:23:48:46] ENGINE HTTP Server cherrypy._cpwsgi_server.CPWSGIServer(('127.0.0.1', 8888)) shut down
[02/Dec/2014:23:48:46] ENGINE Stopped thread '_TimeoutMonitor'.
[02/Dec/2014:23:48:46] ENGINE Bus STOPPED
[02/Dec/2014:23:48:46] ENGINE Bus EXITING
[02/Dec/2014:23:48:46] ENGINE Bus EXITED
[02/Dec/2014:23:48:46] ENGINE Waiting for child threads to terminate...
[02/Dec/2014:23:48:46] ENGINE Re-spawning main.py
[02/Dec/2014:23:48:47] ENGINE Listening for SIGHUP.
[02/Dec/2014:23:48:47] ENGINE Listening for SIGTERM.
[02/Dec/2014:23:48:47] ENGINE Listening for SIGUSR1.
[02/Dec/2014:23:48:47] ENGINE Bus STARTING
[02/Dec/2014:23:48:47] ENGINE Started monitor thread '_TimeoutMonitor'.
[02/Dec/2014:23:48:47] ENGINE Started monitor thread 'Autoreloader'.
[02/Dec/2014:23:48:48] ENGINE Serving on http://127.0.0.1:8888
[02/Dec/2014:23:48:48] ENGINE Bus STARTED
[02/Dec/2014:23:51:31] ENGINE Restarting because /home/kristine/Dropbox/python/BilbasenDataMining/bilbasen.py changed.
[02/Dec/2014:23:51:31] ENGINE Stopped thread 'Autoreloader'.
[02/Dec/2014:23:51:31] ENGINE Bus STOPPING
[02/Dec/2014:23:51:31] ENGINE HTTP Server cherrypy._cpwsgi_server.CPWSGIServer(('127.0.0.1', 8888)) shut down
[02/Dec/2014:23:51:31] ENGINE Stopped thread '_TimeoutMonitor'.
[02/Dec/2014:23:51:31] ENGINE Bus STOPPED
[02/Dec/2014:23:51:31] ENGINE Bus EXITING
[02/Dec/2014:23:51:31] ENGINE Bus EXITED
[02/Dec/2014:23:51:31] ENGINE Waiting for child threads to terminate...
[02/Dec/2014:23:51:31] ENGINE Re-spawning main.py
[02/Dec/2014:23:51:32] ENGINE Listening for SIGHUP.
[02/Dec/2014:23:51:32] ENGINE Listening for SIGTERM.
[02/Dec/2014:23:51:32] ENGINE Listening for SIGUSR1.
[02/Dec/2014:23:51:32] ENGINE Bus STARTING
[02/Dec/2014:23:51:32] ENGINE Started monitor thread '_TimeoutMonitor'.
[02/Dec/2014:23:51:32] ENGINE Started monitor thread 'Autoreloader'.
[02/Dec/2014:23:51:32] ENGINE Serving on http://127.0.0.1:8888
[02/Dec/2014:23:51:32] ENGINE Bus STARTED
[02/Dec/2014:23:52:10] ENGINE Restarting because /home/kristine/Dropbox/python/BilbasenDataMining/bilbasen.py changed.
[02/Dec/2014:23:52:10] ENGINE Stopped thread 'Autoreloader'.
[02/Dec/2014:23:52:10] ENGINE Bus STOPPING
[02/Dec/2014:23:52:10] ENGINE HTTP Server cherrypy._cpwsgi_server.CPWSGIServer(('127.0.0.1', 8888)) shut down
[02/Dec/2014:23:52:10] ENGINE Stopped thread '_TimeoutMonitor'.
[02/Dec/2014:23:52:10] ENGINE Bus STOPPED
[02/Dec/2014:23:52:10] ENGINE Bus EXITING
[02/Dec/2014:23:52:10] ENGINE Bus EXITED
[02/Dec/2014:23:52:10] ENGINE Waiting for child threads to terminate...
[02/Dec/2014:23:52:10] ENGINE Re-spawning main.py
[02/Dec/2014:23:52:11] ENGINE Listening for SIGHUP.
[02/Dec/2014:23:52:11] ENGINE Listening for SIGTERM.
[02/Dec/2014:23:52:11] ENGINE Listening for SIGUSR1.
[02/Dec/2014:23:52:11] ENGINE Bus STARTING
[02/Dec/2014:23:52:11] ENGINE Started monitor thread '_TimeoutMonitor'.
[02/Dec/2014:23:52:11] ENGINE Started monitor thread 'Autoreloader'.
[02/Dec/2014:23:52:11] ENGINE Serving on http://127.0.0.1:8888
[02/Dec/2014:23:52:11] ENGINE Bus STARTED
[02/Dec/2014:23:52:48] ENGINE Restarting because /home/kristine/Dropbox/python/BilbasenDataMining/bilbasen.py changed.
[02/Dec/2014:23:52:48] ENGINE Stopped thread 'Autoreloader'.
[02/Dec/2014:23:52:48] ENGINE Bus STOPPING
[02/Dec/2014:23:52:48] ENGINE HTTP Server cherrypy._cpwsgi_server.CPWSGIServer(('127.0.0.1', 8888)) shut down
[02/Dec/2014:23:52:48] ENGINE Stopped thread '_TimeoutMonitor'.
[02/Dec/2014:23:52:48] ENGINE Bus STOPPED
[02/Dec/2014:23:52:48] ENGINE Bus EXITING
[02/Dec/2014:23:52:48] ENGINE Bus EXITED
[02/Dec/2014:23:52:49] ENGINE Waiting for child threads to terminate...
[02/Dec/2014:23:52:49] ENGINE Re-spawning main.py
[02/Dec/2014:23:52:50] ENGINE Listening for SIGHUP.
[02/Dec/2014:23:52:50] ENGINE Listening for SIGTERM.
[02/Dec/2014:23:52:50] ENGINE Listening for SIGUSR1.
[02/Dec/2014:23:52:50] ENGINE Bus STARTING
[02/Dec/2014:23:52:50] ENGINE Started monitor thread '_TimeoutMonitor'.
[02/Dec/2014:23:52:50] ENGINE Started monitor thread 'Autoreloader'.
[02/Dec/2014:23:52:50] ENGINE Serving on http://127.0.0.1:8888
[02/Dec/2014:23:52:50] ENGINE Bus STARTED
[02/Dec/2014:23:52:52] ENGINE Keyboard Interrupt: shutting down bus
[02/Dec/2014:23:52:52] ENGINE Bus STOPPING
[02/Dec/2014:23:52:52] ENGINE HTTP Server cherrypy._cpwsgi_server.CPWSGIServer(('127.0.0.1', 8888)) shut down
[02/Dec/2014:23:52:52] ENGINE Stopped thread 'Autoreloader'.
[02/Dec/2014:23:52:52] ENGINE Stopped thread '_TimeoutMonitor'.
[02/Dec/2014:23:52:52] ENGINE Bus STOPPED
[02/Dec/2014:23:52:52] ENGINE Bus EXITING
[02/Dec/2014:23:52:52] ENGINE Bus EXITED
[02/Dec/2014:23:52:52] ENGINE Waiting for child threads to terminate...
[03/Dec/2014:00:00:38] ENGINE Listening for SIGHUP.
[03/Dec/2014:00:00:38] ENGINE Listening for SIGTERM.
[03/Dec/2014:00:00:38] ENGINE Listening for SIGUSR1.
[03/Dec/2014:00:00:38] ENGINE Bus STARTING
[03/Dec/2014:00:00:38] ENGINE Started monitor thread '_TimeoutMonitor'.
[03/Dec/2014:00:00:38] ENGINE Started monitor thread 'Autoreloader'.
[03/Dec/2014:00:00:38] ENGINE Serving on http://127.0.0.1:8888
[03/Dec/2014:00:00:38] ENGINE Bus STARTED
[03/Dec/2014:00:05:44] ENGINE Restarting because /home/kristine/Dropbox/python/BilbasenDataMining/bilbasen.py changed.
[03/Dec/2014:00:05:44] ENGINE Stopped thread 'Autoreloader'.
[03/Dec/2014:00:05:44] ENGINE Bus STOPPING
[03/Dec/2014:00:05:44] ENGINE HTTP Server cherrypy._cpwsgi_server.CPWSGIServer(('127.0.0.1', 8888)) shut down
[03/Dec/2014:00:05:44] ENGINE Stopped thread '_TimeoutMonitor'.
[03/Dec/2014:00:05:44] ENGINE Bus STOPPED
[03/Dec/2014:00:05:44] ENGINE Bus EXITING
[03/Dec/2014:00:05:44] ENGINE Bus EXITED
[03/Dec/2014:00:05:44] ENGINE Waiting for child threads to terminate...
[03/Dec/2014:00:05:44] ENGINE Re-spawning main.py
[03/Dec/2014:00:06:01] ENGINE Listening for SIGHUP.
[03/Dec/2014:00:06:01] ENGINE Listening for SIGTERM.
[03/Dec/2014:00:06:01] ENGINE Listening for SIGUSR1.
[03/Dec/2014:00:06:01] ENGINE Bus STARTING
[03/Dec/2014:00:06:01] ENGINE Started monitor thread '_TimeoutMonitor'.
[03/Dec/2014:00:06:01] ENGINE Started monitor thread 'Autoreloader'.
[03/Dec/2014:00:06:01] ENGINE Serving on http://127.0.0.1:8888
[03/Dec/2014:00:06:01] ENGINE Bus STARTED
[03/Dec/2014:00:06:53] HTTP Traceback (most recent call last):
  File "/usr/local/lib/python2.7/dist-packages/cherrypy/_cprequest.py", line 670, in respond
    response.body = self.handler()
  File "/usr/local/lib/python2.7/dist-packages/cherrypy/lib/encoding.py", line 217, in __call__
    self.body = self.oldhandler(*args, **kwargs)
  File "/usr/local/lib/python2.7/dist-packages/cherrypy/_cpdispatch.py", line 61, in __call__
    return self.callable(*self.args, **self.kwargs)
  File "main.py", line 115, in distributions
    table.plot(kind='barh', x=0)
  File "/usr/local/lib/python2.7/dist-packages/pandas/tools/plotting.py", line 2454, in plot_frame
    **kwds)
  File "/usr/local/lib/python2.7/dist-packages/pandas/tools/plotting.py", line 2294, in _plot
    plot_obj.generate()
  File "/usr/local/lib/python2.7/dist-packages/pandas/tools/plotting.py", line 919, in generate
    self._setup_subplots()
  File "/usr/local/lib/python2.7/dist-packages/pandas/tools/plotting.py", line 952, in _setup_subplots
    fig = self.plt.figure(figsize=self.figsize)
  File "/usr/lib/pymodules/python2.7/matplotlib/pyplot.py", line 423, in figure
    **kwargs)
  File "/usr/lib/pymodules/python2.7/matplotlib/backends/backend_tkagg.py", line 79, in new_figure_manager
    return new_figure_manager_given_figure(num, figure)
  File "/usr/lib/pymodules/python2.7/matplotlib/backends/backend_tkagg.py", line 96, in new_figure_manager_given_figure
    icon_img = Tk.PhotoImage(file=icon_fname)
  File "/usr/lib/python2.7/lib-tk/Tkinter.py", line 3329, in __init__
    Image.__init__(self, 'photo', name, cnf, master, **kw)
  File "/usr/lib/python2.7/lib-tk/Tkinter.py", line 3285, in __init__
    self.tk.call(('image', 'create', imgtype, name,) + options)
RuntimeError: main thread is not in main loop

[03/Dec/2014:00:06:53] HTTP 
Request Headers:
  REFERER: http://localhost:8888/
  HOST: localhost:8888
  CONNECTION: keep-alive
  Remote-Addr: 127.0.0.1
  ACCEPT: text/html,application/xhtml+xml,application/xml;q=0.9,*/*;q=0.8
  USER-AGENT: Mozilla/5.0 (X11; Ubuntu; Linux x86_64; rv:33.0) Gecko/20100101 Firefox/33.0
  ACCEPT-LANGUAGE: en-US,en;q=0.5
  ACCEPT-ENCODING: gzip, deflate
[03/Dec/2014:00:06:59] HTTP Traceback (most recent call last):
  File "/usr/local/lib/python2.7/dist-packages/cherrypy/_cprequest.py", line 670, in respond
    response.body = self.handler()
  File "/usr/local/lib/python2.7/dist-packages/cherrypy/lib/encoding.py", line 217, in __call__
    self.body = self.oldhandler(*args, **kwargs)
  File "/usr/local/lib/python2.7/dist-packages/cherrypy/_cpdispatch.py", line 61, in __call__
    return self.callable(*self.args, **self.kwargs)
  File "main.py", line 115, in distributions
    table.plot(kind='barh', x=0)
  File "/usr/local/lib/python2.7/dist-packages/pandas/tools/plotting.py", line 2454, in plot_frame
    **kwds)
  File "/usr/local/lib/python2.7/dist-packages/pandas/tools/plotting.py", line 2294, in _plot
    plot_obj.generate()
  File "/usr/local/lib/python2.7/dist-packages/pandas/tools/plotting.py", line 919, in generate
    self._setup_subplots()
  File "/usr/local/lib/python2.7/dist-packages/pandas/tools/plotting.py", line 952, in _setup_subplots
    fig = self.plt.figure(figsize=self.figsize)
  File "/usr/lib/pymodules/python2.7/matplotlib/pyplot.py", line 423, in figure
    **kwargs)
  File "/usr/lib/pymodules/python2.7/matplotlib/backends/backend_tkagg.py", line 79, in new_figure_manager
    return new_figure_manager_given_figure(num, figure)
  File "/usr/lib/pymodules/python2.7/matplotlib/backends/backend_tkagg.py", line 96, in new_figure_manager_given_figure
    icon_img = Tk.PhotoImage(file=icon_fname)
  File "/usr/lib/python2.7/lib-tk/Tkinter.py", line 3329, in __init__
    Image.__init__(self, 'photo', name, cnf, master, **kw)
  File "/usr/lib/python2.7/lib-tk/Tkinter.py", line 3285, in __init__
    self.tk.call(('image', 'create', imgtype, name,) + options)
RuntimeError: main thread is not in main loop

[03/Dec/2014:00:06:59] HTTP 
Request Headers:
  REFERER: http://localhost:8888/
  HOST: localhost:8888
  CONNECTION: keep-alive
  CACHE-CONTROL: max-age=0
  Remote-Addr: 127.0.0.1
  ACCEPT: text/html,application/xhtml+xml,application/xml;q=0.9,*/*;q=0.8
  USER-AGENT: Mozilla/5.0 (X11; Ubuntu; Linux x86_64; rv:33.0) Gecko/20100101 Firefox/33.0
  ACCEPT-LANGUAGE: en-US,en;q=0.5
  ACCEPT-ENCODING: gzip, deflate
[03/Dec/2014:00:07:01] HTTP Traceback (most recent call last):
  File "/usr/local/lib/python2.7/dist-packages/cherrypy/_cprequest.py", line 670, in respond
    response.body = self.handler()
  File "/usr/local/lib/python2.7/dist-packages/cherrypy/lib/encoding.py", line 217, in __call__
    self.body = self.oldhandler(*args, **kwargs)
  File "/usr/local/lib/python2.7/dist-packages/cherrypy/_cpdispatch.py", line 61, in __call__
    return self.callable(*self.args, **self.kwargs)
  File "main.py", line 115, in distributions
    table.plot(kind='barh', x=0)
  File "/usr/local/lib/python2.7/dist-packages/pandas/tools/plotting.py", line 2454, in plot_frame
    **kwds)
  File "/usr/local/lib/python2.7/dist-packages/pandas/tools/plotting.py", line 2294, in _plot
    plot_obj.generate()
  File "/usr/local/lib/python2.7/dist-packages/pandas/tools/plotting.py", line 919, in generate
    self._setup_subplots()
  File "/usr/local/lib/python2.7/dist-packages/pandas/tools/plotting.py", line 952, in _setup_subplots
    fig = self.plt.figure(figsize=self.figsize)
  File "/usr/lib/pymodules/python2.7/matplotlib/pyplot.py", line 423, in figure
    **kwargs)
  File "/usr/lib/pymodules/python2.7/matplotlib/backends/backend_tkagg.py", line 79, in new_figure_manager
    return new_figure_manager_given_figure(num, figure)
  File "/usr/lib/pymodules/python2.7/matplotlib/backends/backend_tkagg.py", line 96, in new_figure_manager_given_figure
    icon_img = Tk.PhotoImage(file=icon_fname)
  File "/usr/lib/python2.7/lib-tk/Tkinter.py", line 3329, in __init__
    Image.__init__(self, 'photo', name, cnf, master, **kw)
  File "/usr/lib/python2.7/lib-tk/Tkinter.py", line 3285, in __init__
    self.tk.call(('image', 'create', imgtype, name,) + options)
RuntimeError: main thread is not in main loop

[03/Dec/2014:00:07:01] HTTP 
Request Headers:
  REFERER: http://localhost:8888/
  HOST: localhost:8888
  CONNECTION: keep-alive
  CACHE-CONTROL: max-age=0
  Remote-Addr: 127.0.0.1
  ACCEPT: text/html,application/xhtml+xml,application/xml;q=0.9,*/*;q=0.8
  USER-AGENT: Mozilla/5.0 (X11; Ubuntu; Linux x86_64; rv:33.0) Gecko/20100101 Firefox/33.0
  ACCEPT-LANGUAGE: en-US,en;q=0.5
  ACCEPT-ENCODING: gzip, deflate
[03/Dec/2014:00:07:05] HTTP Traceback (most recent call last):
  File "/usr/local/lib/python2.7/dist-packages/cherrypy/_cprequest.py", line 670, in respond
    response.body = self.handler()
  File "/usr/local/lib/python2.7/dist-packages/cherrypy/lib/encoding.py", line 217, in __call__
    self.body = self.oldhandler(*args, **kwargs)
  File "/usr/local/lib/python2.7/dist-packages/cherrypy/_cpdispatch.py", line 61, in __call__
    return self.callable(*self.args, **self.kwargs)
  File "main.py", line 115, in distributions
    table.plot(kind='barh', x=0)
  File "/usr/local/lib/python2.7/dist-packages/pandas/tools/plotting.py", line 2454, in plot_frame
    **kwds)
  File "/usr/local/lib/python2.7/dist-packages/pandas/tools/plotting.py", line 2294, in _plot
    plot_obj.generate()
  File "/usr/local/lib/python2.7/dist-packages/pandas/tools/plotting.py", line 919, in generate
    self._setup_subplots()
  File "/usr/local/lib/python2.7/dist-packages/pandas/tools/plotting.py", line 952, in _setup_subplots
    fig = self.plt.figure(figsize=self.figsize)
  File "/usr/lib/pymodules/python2.7/matplotlib/pyplot.py", line 423, in figure
    **kwargs)
  File "/usr/lib/pymodules/python2.7/matplotlib/backends/backend_tkagg.py", line 79, in new_figure_manager
    return new_figure_manager_given_figure(num, figure)
  File "/usr/lib/pymodules/python2.7/matplotlib/backends/backend_tkagg.py", line 96, in new_figure_manager_given_figure
    icon_img = Tk.PhotoImage(file=icon_fname)
  File "/usr/lib/python2.7/lib-tk/Tkinter.py", line 3329, in __init__
    Image.__init__(self, 'photo', name, cnf, master, **kw)
  File "/usr/lib/python2.7/lib-tk/Tkinter.py", line 3285, in __init__
    self.tk.call(('image', 'create', imgtype, name,) + options)
RuntimeError: main thread is not in main loop

[03/Dec/2014:00:07:05] HTTP 
Request Headers:
  REFERER: http://localhost:8888/
  HOST: localhost:8888
  CONNECTION: keep-alive
  CACHE-CONTROL: max-age=0
  Remote-Addr: 127.0.0.1
  ACCEPT: text/html,application/xhtml+xml,application/xml;q=0.9,*/*;q=0.8
  USER-AGENT: Mozilla/5.0 (X11; Ubuntu; Linux x86_64; rv:33.0) Gecko/20100101 Firefox/33.0
  ACCEPT-LANGUAGE: en-US,en;q=0.5
  ACCEPT-ENCODING: gzip, deflate
[03/Dec/2014:00:07:25] HTTP Traceback (most recent call last):
  File "/usr/local/lib/python2.7/dist-packages/cherrypy/_cprequest.py", line 670, in respond
    response.body = self.handler()
  File "/usr/local/lib/python2.7/dist-packages/cherrypy/lib/encoding.py", line 217, in __call__
    self.body = self.oldhandler(*args, **kwargs)
  File "/usr/local/lib/python2.7/dist-packages/cherrypy/_cpdispatch.py", line 61, in __call__
    return self.callable(*self.args, **self.kwargs)
  File "main.py", line 115, in distributions
    table.plot(kind='barh', x=0)
  File "/usr/local/lib/python2.7/dist-packages/pandas/tools/plotting.py", line 2454, in plot_frame
    **kwds)
  File "/usr/local/lib/python2.7/dist-packages/pandas/tools/plotting.py", line 2294, in _plot
    plot_obj.generate()
  File "/usr/local/lib/python2.7/dist-packages/pandas/tools/plotting.py", line 919, in generate
    self._setup_subplots()
  File "/usr/local/lib/python2.7/dist-packages/pandas/tools/plotting.py", line 952, in _setup_subplots
    fig = self.plt.figure(figsize=self.figsize)
  File "/usr/lib/pymodules/python2.7/matplotlib/pyplot.py", line 423, in figure
    **kwargs)
  File "/usr/lib/pymodules/python2.7/matplotlib/backends/backend_tkagg.py", line 79, in new_figure_manager
    return new_figure_manager_given_figure(num, figure)
  File "/usr/lib/pymodules/python2.7/matplotlib/backends/backend_tkagg.py", line 96, in new_figure_manager_given_figure
    icon_img = Tk.PhotoImage(file=icon_fname)
  File "/usr/lib/python2.7/lib-tk/Tkinter.py", line 3329, in __init__
    Image.__init__(self, 'photo', name, cnf, master, **kw)
  File "/usr/lib/python2.7/lib-tk/Tkinter.py", line 3285, in __init__
    self.tk.call(('image', 'create', imgtype, name,) + options)
RuntimeError: main thread is not in main loop

[03/Dec/2014:00:07:25] HTTP 
Request Headers:
  REFERER: http://localhost:8888/
  HOST: localhost:8888
  CONNECTION: keep-alive
  Remote-Addr: 127.0.0.1
  ACCEPT: text/html,application/xhtml+xml,application/xml;q=0.9,*/*;q=0.8
  USER-AGENT: Mozilla/5.0 (X11; Ubuntu; Linux x86_64; rv:33.0) Gecko/20100101 Firefox/33.0
  ACCEPT-LANGUAGE: en-US,en;q=0.5
  ACCEPT-ENCODING: gzip, deflate
[03/Dec/2014:00:07:28] ENGINE Keyboard Interrupt: shutting down bus
[03/Dec/2014:00:07:28] ENGINE Bus STOPPING
[03/Dec/2014:00:07:33] ENGINE HTTP Server cherrypy._cpwsgi_server.CPWSGIServer(('127.0.0.1', 8888)) shut down
[03/Dec/2014:00:07:33] ENGINE Stopped thread 'Autoreloader'.
[03/Dec/2014:00:07:33] ENGINE Stopped thread '_TimeoutMonitor'.
[03/Dec/2014:00:07:33] ENGINE Bus STOPPED
[03/Dec/2014:00:07:33] ENGINE Bus EXITING
[03/Dec/2014:00:07:33] ENGINE Bus EXITED
[03/Dec/2014:00:07:33] ENGINE Waiting for child threads to terminate...
[03/Dec/2014:00:07:37] ENGINE Listening for SIGHUP.
[03/Dec/2014:00:07:37] ENGINE Listening for SIGTERM.
[03/Dec/2014:00:07:37] ENGINE Listening for SIGUSR1.
[03/Dec/2014:00:07:37] ENGINE Bus STARTING
[03/Dec/2014:00:07:37] ENGINE Started monitor thread '_TimeoutMonitor'.
[03/Dec/2014:00:07:37] ENGINE Started monitor thread 'Autoreloader'.
[03/Dec/2014:00:07:38] ENGINE Serving on http://127.0.0.1:8888
[03/Dec/2014:00:07:38] ENGINE Bus STARTED
[03/Dec/2014:00:09:28] ENGINE Restarting because /home/kristine/Dropbox/python/BilbasenDataMining/bilbasen.py changed.
[03/Dec/2014:00:09:28] ENGINE Stopped thread 'Autoreloader'.
[03/Dec/2014:00:09:28] ENGINE Bus STOPPING
[03/Dec/2014:00:09:28] ENGINE HTTP Server cherrypy._cpwsgi_server.CPWSGIServer(('127.0.0.1', 8888)) shut down
[03/Dec/2014:00:09:28] ENGINE Stopped thread '_TimeoutMonitor'.
[03/Dec/2014:00:09:28] ENGINE Bus STOPPED
[03/Dec/2014:00:09:28] ENGINE Bus EXITING
[03/Dec/2014:00:09:28] ENGINE Bus EXITED
[03/Dec/2014:00:09:28] ENGINE Waiting for child threads to terminate...
[03/Dec/2014:00:09:28] ENGINE Re-spawning main.py
[03/Dec/2014:00:09:30] ENGINE Listening for SIGHUP.
[03/Dec/2014:00:09:30] ENGINE Listening for SIGTERM.
[03/Dec/2014:00:09:30] ENGINE Listening for SIGUSR1.
[03/Dec/2014:00:09:30] ENGINE Bus STARTING
[03/Dec/2014:00:09:30] ENGINE Started monitor thread '_TimeoutMonitor'.
[03/Dec/2014:00:09:30] ENGINE Started monitor thread 'Autoreloader'.
[03/Dec/2014:00:09:30] ENGINE Serving on http://127.0.0.1:8888
[03/Dec/2014:00:09:30] ENGINE Bus STARTED
[03/Dec/2014:00:09:45] ENGINE Restarting because /home/kristine/Dropbox/python/BilbasenDataMining/bilbasen.py changed.
[03/Dec/2014:00:09:45] ENGINE Stopped thread 'Autoreloader'.
[03/Dec/2014:00:09:45] ENGINE Bus STOPPING
[03/Dec/2014:00:09:45] ENGINE HTTP Server cherrypy._cpwsgi_server.CPWSGIServer(('127.0.0.1', 8888)) shut down
[03/Dec/2014:00:09:45] ENGINE Stopped thread '_TimeoutMonitor'.
[03/Dec/2014:00:09:45] ENGINE Bus STOPPED
[03/Dec/2014:00:09:45] ENGINE Bus EXITING
[03/Dec/2014:00:09:45] ENGINE Bus EXITED
[03/Dec/2014:00:09:45] ENGINE Waiting for child threads to terminate...
[03/Dec/2014:00:09:45] ENGINE Re-spawning main.py
[03/Dec/2014:00:09:46] ENGINE Listening for SIGHUP.
[03/Dec/2014:00:09:46] ENGINE Listening for SIGTERM.
[03/Dec/2014:00:09:46] ENGINE Listening for SIGUSR1.
[03/Dec/2014:00:09:46] ENGINE Bus STARTING
[03/Dec/2014:00:09:46] ENGINE Started monitor thread '_TimeoutMonitor'.
[03/Dec/2014:00:09:46] ENGINE Started monitor thread 'Autoreloader'.
[03/Dec/2014:00:09:46] ENGINE Serving on http://127.0.0.1:8888
[03/Dec/2014:00:09:46] ENGINE Bus STARTED
[03/Dec/2014:00:10:27] ENGINE Restarting because /home/kristine/Dropbox/python/BilbasenDataMining/bilbasen.py changed.
[03/Dec/2014:00:10:27] ENGINE Stopped thread 'Autoreloader'.
[03/Dec/2014:00:10:27] ENGINE Bus STOPPING
[03/Dec/2014:00:10:27] ENGINE HTTP Server cherrypy._cpwsgi_server.CPWSGIServer(('127.0.0.1', 8888)) shut down
[03/Dec/2014:00:10:27] ENGINE Stopped thread '_TimeoutMonitor'.
[03/Dec/2014:00:10:27] ENGINE Bus STOPPED
[03/Dec/2014:00:10:27] ENGINE Bus EXITING
[03/Dec/2014:00:10:27] ENGINE Bus EXITED
[03/Dec/2014:00:10:27] ENGINE Waiting for child threads to terminate...
[03/Dec/2014:00:10:27] ENGINE Re-spawning main.py
[03/Dec/2014:00:10:28] ENGINE Listening for SIGHUP.
[03/Dec/2014:00:10:28] ENGINE Listening for SIGTERM.
[03/Dec/2014:00:10:28] ENGINE Listening for SIGUSR1.
[03/Dec/2014:00:10:28] ENGINE Bus STARTING
[03/Dec/2014:00:10:28] ENGINE Started monitor thread '_TimeoutMonitor'.
[03/Dec/2014:00:10:28] ENGINE Started monitor thread 'Autoreloader'.
[03/Dec/2014:00:10:28] ENGINE Serving on http://127.0.0.1:8888
[03/Dec/2014:00:10:28] ENGINE Bus STARTED
[03/Dec/2014:00:11:12] ENGINE Restarting because /home/kristine/Dropbox/python/BilbasenDataMining/bilbasen.py changed.
[03/Dec/2014:00:11:12] ENGINE Stopped thread 'Autoreloader'.
[03/Dec/2014:00:11:12] ENGINE Bus STOPPING
[03/Dec/2014:00:11:12] ENGINE HTTP Server cherrypy._cpwsgi_server.CPWSGIServer(('127.0.0.1', 8888)) shut down
[03/Dec/2014:00:11:12] ENGINE Stopped thread '_TimeoutMonitor'.
[03/Dec/2014:00:11:12] ENGINE Bus STOPPED
[03/Dec/2014:00:11:12] ENGINE Bus EXITING
[03/Dec/2014:00:11:12] ENGINE Bus EXITED
[03/Dec/2014:00:11:12] ENGINE Waiting for child threads to terminate...
[03/Dec/2014:00:11:12] ENGINE Re-spawning main.py
[03/Dec/2014:00:11:13] ENGINE Listening for SIGHUP.
[03/Dec/2014:00:11:13] ENGINE Listening for SIGTERM.
[03/Dec/2014:00:11:13] ENGINE Listening for SIGUSR1.
[03/Dec/2014:00:11:13] ENGINE Bus STARTING
[03/Dec/2014:00:11:13] ENGINE Started monitor thread '_TimeoutMonitor'.
[03/Dec/2014:00:11:13] ENGINE Started monitor thread 'Autoreloader'.
[03/Dec/2014:00:11:13] ENGINE Serving on http://127.0.0.1:8888
[03/Dec/2014:00:11:13] ENGINE Bus STARTED
[03/Dec/2014:00:11:42] ENGINE Restarting because /home/kristine/Dropbox/python/BilbasenDataMining/bilbasen.py changed.
[03/Dec/2014:00:11:42] ENGINE Stopped thread 'Autoreloader'.
[03/Dec/2014:00:11:42] ENGINE Bus STOPPING
[03/Dec/2014:00:11:42] ENGINE HTTP Server cherrypy._cpwsgi_server.CPWSGIServer(('127.0.0.1', 8888)) shut down
[03/Dec/2014:00:11:42] ENGINE Stopped thread '_TimeoutMonitor'.
[03/Dec/2014:00:11:42] ENGINE Bus STOPPED
[03/Dec/2014:00:11:42] ENGINE Bus EXITING
[03/Dec/2014:00:11:42] ENGINE Bus EXITED
[03/Dec/2014:00:11:42] ENGINE Waiting for child threads to terminate...
[03/Dec/2014:00:11:42] ENGINE Re-spawning main.py
[03/Dec/2014:00:11:43] ENGINE Listening for SIGHUP.
[03/Dec/2014:00:11:43] ENGINE Listening for SIGTERM.
[03/Dec/2014:00:11:43] ENGINE Listening for SIGUSR1.
[03/Dec/2014:00:11:43] ENGINE Bus STARTING
[03/Dec/2014:00:11:43] ENGINE Started monitor thread '_TimeoutMonitor'.
[03/Dec/2014:00:11:43] ENGINE Started monitor thread 'Autoreloader'.
[03/Dec/2014:00:11:43] ENGINE Serving on http://127.0.0.1:8888
[03/Dec/2014:00:11:43] ENGINE Bus STARTED
[03/Dec/2014:00:12:21] ENGINE Restarting because /home/kristine/Dropbox/python/BilbasenDataMining/bilbasen.py changed.
[03/Dec/2014:00:12:21] ENGINE Stopped thread 'Autoreloader'.
[03/Dec/2014:00:12:21] ENGINE Bus STOPPING
[03/Dec/2014:00:12:21] ENGINE HTTP Server cherrypy._cpwsgi_server.CPWSGIServer(('127.0.0.1', 8888)) shut down
[03/Dec/2014:00:12:21] ENGINE Stopped thread '_TimeoutMonitor'.
[03/Dec/2014:00:12:21] ENGINE Bus STOPPED
[03/Dec/2014:00:12:21] ENGINE Bus EXITING
[03/Dec/2014:00:12:21] ENGINE Bus EXITED
[03/Dec/2014:00:12:21] ENGINE Waiting for child threads to terminate...
[03/Dec/2014:00:12:21] ENGINE Re-spawning main.py
[03/Dec/2014:00:12:22] ENGINE Listening for SIGHUP.
[03/Dec/2014:00:12:22] ENGINE Listening for SIGTERM.
[03/Dec/2014:00:12:22] ENGINE Listening for SIGUSR1.
[03/Dec/2014:00:12:22] ENGINE Bus STARTING
[03/Dec/2014:00:12:22] ENGINE Started monitor thread '_TimeoutMonitor'.
[03/Dec/2014:00:12:22] ENGINE Started monitor thread 'Autoreloader'.
[03/Dec/2014:00:12:23] ENGINE Serving on http://127.0.0.1:8888
[03/Dec/2014:00:12:23] ENGINE Bus STARTED
[03/Dec/2014:00:12:42] ENGINE Restarting because /home/kristine/Dropbox/python/BilbasenDataMining/bilbasen.py changed.
[03/Dec/2014:00:12:42] ENGINE Stopped thread 'Autoreloader'.
[03/Dec/2014:00:12:42] ENGINE Bus STOPPING
[03/Dec/2014:00:12:42] ENGINE HTTP Server cherrypy._cpwsgi_server.CPWSGIServer(('127.0.0.1', 8888)) shut down
[03/Dec/2014:00:12:42] ENGINE Stopped thread '_TimeoutMonitor'.
[03/Dec/2014:00:12:42] ENGINE Bus STOPPED
[03/Dec/2014:00:12:42] ENGINE Bus EXITING
[03/Dec/2014:00:12:42] ENGINE Bus EXITED
[03/Dec/2014:00:12:42] ENGINE Waiting for child threads to terminate...
[03/Dec/2014:00:12:42] ENGINE Re-spawning main.py
[03/Dec/2014:00:12:43] ENGINE Listening for SIGHUP.
[03/Dec/2014:00:12:43] ENGINE Listening for SIGTERM.
[03/Dec/2014:00:12:43] ENGINE Listening for SIGUSR1.
[03/Dec/2014:00:12:43] ENGINE Bus STARTING
[03/Dec/2014:00:12:43] ENGINE Started monitor thread '_TimeoutMonitor'.
[03/Dec/2014:00:12:43] ENGINE Started monitor thread 'Autoreloader'.
[03/Dec/2014:00:12:43] ENGINE Serving on http://127.0.0.1:8888
[03/Dec/2014:00:12:43] ENGINE Bus STARTED
[03/Dec/2014:00:14:07] ENGINE Restarting because /home/kristine/Dropbox/python/BilbasenDataMining/bilbasen.py changed.
[03/Dec/2014:00:14:07] ENGINE Stopped thread 'Autoreloader'.
[03/Dec/2014:00:14:07] ENGINE Bus STOPPING
[03/Dec/2014:00:14:07] ENGINE HTTP Server cherrypy._cpwsgi_server.CPWSGIServer(('127.0.0.1', 8888)) shut down
[03/Dec/2014:00:14:07] ENGINE Stopped thread '_TimeoutMonitor'.
[03/Dec/2014:00:14:07] ENGINE Bus STOPPED
[03/Dec/2014:00:14:07] ENGINE Bus EXITING
[03/Dec/2014:00:14:07] ENGINE Bus EXITED
[03/Dec/2014:00:14:07] ENGINE Waiting for child threads to terminate...
[03/Dec/2014:00:14:07] ENGINE Re-spawning main.py
[03/Dec/2014:00:14:08] ENGINE Listening for SIGHUP.
[03/Dec/2014:00:14:08] ENGINE Listening for SIGTERM.
[03/Dec/2014:00:14:08] ENGINE Listening for SIGUSR1.
[03/Dec/2014:00:14:08] ENGINE Bus STARTING
[03/Dec/2014:00:14:08] ENGINE Started monitor thread '_TimeoutMonitor'.
[03/Dec/2014:00:14:08] ENGINE Started monitor thread 'Autoreloader'.
[03/Dec/2014:00:14:08] ENGINE Serving on http://127.0.0.1:8888
[03/Dec/2014:00:14:08] ENGINE Bus STARTED
[03/Dec/2014:00:14:23] ENGINE Restarting because /home/kristine/Dropbox/python/BilbasenDataMining/bilbasen.py changed.
[03/Dec/2014:00:14:23] ENGINE Stopped thread 'Autoreloader'.
[03/Dec/2014:00:14:23] ENGINE Bus STOPPING
[03/Dec/2014:00:14:23] ENGINE HTTP Server cherrypy._cpwsgi_server.CPWSGIServer(('127.0.0.1', 8888)) shut down
[03/Dec/2014:00:14:23] ENGINE Stopped thread '_TimeoutMonitor'.
[03/Dec/2014:00:14:23] ENGINE Bus STOPPED
[03/Dec/2014:00:14:23] ENGINE Bus EXITING
[03/Dec/2014:00:14:23] ENGINE Bus EXITED
[03/Dec/2014:00:14:23] ENGINE Waiting for child threads to terminate...
[03/Dec/2014:00:14:23] ENGINE Re-spawning main.py
[03/Dec/2014:00:14:24] ENGINE Listening for SIGHUP.
[03/Dec/2014:00:14:24] ENGINE Listening for SIGTERM.
[03/Dec/2014:00:14:24] ENGINE Listening for SIGUSR1.
[03/Dec/2014:00:14:24] ENGINE Bus STARTING
[03/Dec/2014:00:14:24] ENGINE Started monitor thread '_TimeoutMonitor'.
[03/Dec/2014:00:14:24] ENGINE Started monitor thread 'Autoreloader'.
[03/Dec/2014:00:14:24] ENGINE Serving on http://127.0.0.1:8888
[03/Dec/2014:00:14:24] ENGINE Bus STARTED
[03/Dec/2014:00:14:37] ENGINE Restarting because /home/kristine/Dropbox/python/BilbasenDataMining/bilbasen.py changed.
[03/Dec/2014:00:14:37] ENGINE Stopped thread 'Autoreloader'.
[03/Dec/2014:00:14:37] ENGINE Bus STOPPING
[03/Dec/2014:00:14:37] ENGINE HTTP Server cherrypy._cpwsgi_server.CPWSGIServer(('127.0.0.1', 8888)) shut down
[03/Dec/2014:00:14:37] ENGINE Stopped thread '_TimeoutMonitor'.
[03/Dec/2014:00:14:37] ENGINE Bus STOPPED
[03/Dec/2014:00:14:37] ENGINE Bus EXITING
[03/Dec/2014:00:14:37] ENGINE Bus EXITED
[03/Dec/2014:00:14:37] ENGINE Waiting for child threads to terminate...
[03/Dec/2014:00:14:37] ENGINE Re-spawning main.py
[03/Dec/2014:00:14:38] ENGINE Listening for SIGHUP.
[03/Dec/2014:00:14:38] ENGINE Listening for SIGTERM.
[03/Dec/2014:00:14:38] ENGINE Listening for SIGUSR1.
[03/Dec/2014:00:14:38] ENGINE Bus STARTING
[03/Dec/2014:00:14:38] ENGINE Started monitor thread '_TimeoutMonitor'.
[03/Dec/2014:00:14:38] ENGINE Started monitor thread 'Autoreloader'.
[03/Dec/2014:00:14:38] ENGINE Serving on http://127.0.0.1:8888
[03/Dec/2014:00:14:38] ENGINE Bus STARTED
[03/Dec/2014:00:16:09] ENGINE Restarting because /home/kristine/Dropbox/python/BilbasenDataMining/bilbasen.py changed.
[03/Dec/2014:00:16:09] ENGINE Stopped thread 'Autoreloader'.
[03/Dec/2014:00:16:09] ENGINE Bus STOPPING
[03/Dec/2014:00:16:09] ENGINE HTTP Server cherrypy._cpwsgi_server.CPWSGIServer(('127.0.0.1', 8888)) shut down
[03/Dec/2014:00:16:09] ENGINE Stopped thread '_TimeoutMonitor'.
[03/Dec/2014:00:16:09] ENGINE Bus STOPPED
[03/Dec/2014:00:16:09] ENGINE Bus EXITING
[03/Dec/2014:00:16:09] ENGINE Bus EXITED
[03/Dec/2014:00:16:09] ENGINE Waiting for child threads to terminate...
[03/Dec/2014:00:16:09] ENGINE Re-spawning main.py
[03/Dec/2014:00:16:10] ENGINE Listening for SIGHUP.
[03/Dec/2014:00:16:10] ENGINE Listening for SIGTERM.
[03/Dec/2014:00:16:10] ENGINE Listening for SIGUSR1.
[03/Dec/2014:00:16:10] ENGINE Bus STARTING
[03/Dec/2014:00:16:10] ENGINE Started monitor thread '_TimeoutMonitor'.
[03/Dec/2014:00:16:10] ENGINE Started monitor thread 'Autoreloader'.
[03/Dec/2014:00:16:10] ENGINE Serving on http://127.0.0.1:8888
[03/Dec/2014:00:16:10] ENGINE Bus STARTED
[03/Dec/2014:00:17:26] ENGINE Restarting because /home/kristine/Dropbox/python/BilbasenDataMining/bilbasen.py changed.
[03/Dec/2014:00:17:26] ENGINE Stopped thread 'Autoreloader'.
[03/Dec/2014:00:17:26] ENGINE Bus STOPPING
[03/Dec/2014:00:17:26] ENGINE HTTP Server cherrypy._cpwsgi_server.CPWSGIServer(('127.0.0.1', 8888)) shut down
[03/Dec/2014:00:17:26] ENGINE Stopped thread '_TimeoutMonitor'.
[03/Dec/2014:00:17:26] ENGINE Bus STOPPED
[03/Dec/2014:00:17:26] ENGINE Bus EXITING
[03/Dec/2014:00:17:26] ENGINE Bus EXITED
[03/Dec/2014:00:17:26] ENGINE Waiting for child threads to terminate...
[03/Dec/2014:00:17:26] ENGINE Re-spawning main.py
[03/Dec/2014:00:17:27] ENGINE Listening for SIGHUP.
[03/Dec/2014:00:17:27] ENGINE Listening for SIGTERM.
[03/Dec/2014:00:17:27] ENGINE Listening for SIGUSR1.
[03/Dec/2014:00:17:27] ENGINE Bus STARTING
[03/Dec/2014:00:17:27] ENGINE Started monitor thread '_TimeoutMonitor'.
[03/Dec/2014:00:17:27] ENGINE Started monitor thread 'Autoreloader'.
[03/Dec/2014:00:17:27] ENGINE Serving on http://127.0.0.1:8888
[03/Dec/2014:00:17:27] ENGINE Bus STARTED
[03/Dec/2014:00:17:32] ENGINE Keyboard Interrupt: shutting down bus
[03/Dec/2014:00:17:32] ENGINE Bus STOPPING
[03/Dec/2014:00:17:32] ENGINE HTTP Server cherrypy._cpwsgi_server.CPWSGIServer(('127.0.0.1', 8888)) shut down
[03/Dec/2014:00:17:32] ENGINE Stopped thread 'Autoreloader'.
[03/Dec/2014:00:17:32] ENGINE Stopped thread '_TimeoutMonitor'.
[03/Dec/2014:00:17:32] ENGINE Bus STOPPED
[03/Dec/2014:00:17:32] ENGINE Bus EXITING
[03/Dec/2014:00:17:32] ENGINE Bus EXITED
[03/Dec/2014:00:17:32] ENGINE Waiting for child threads to terminate...
