\BOOKMARK [1][-]{section*.1}{Contents}{}% 1
\BOOKMARK [1][-]{section.1}{Module BilbasenDataMining.bilbasen}{}% 2
\BOOKMARK [2][-]{subsection.1.1}{Functions}{section.1}% 3
\BOOKMARK [2][-]{subsection.1.2}{Variables}{section.1}% 4
\BOOKMARK [2][-]{subsection.1.3}{Class Car}{section.1}% 5
\BOOKMARK [3][-]{subsubsection.1.3.1}{Methods}{subsection.1.3}% 6
\BOOKMARK [3][-]{subsubsection.1.3.2}{Properties}{subsection.1.3}% 7
\BOOKMARK [1][-]{section.2}{Module BilbasenDataMining.database}{}% 8
\BOOKMARK [2][-]{subsection.2.1}{Functions}{section.2}% 9
\BOOKMARK [2][-]{subsection.2.2}{Variables}{section.2}% 10
\BOOKMARK [1][-]{section.3}{Module BilbasenDataMining.datamining}{}% 11
\BOOKMARK [2][-]{subsection.3.1}{Functions}{section.3}% 12
\BOOKMARK [2][-]{subsection.3.2}{Variables}{section.3}% 13
\BOOKMARK [1][-]{section.4}{Module BilbasenDataMining.graphics}{}% 14
\BOOKMARK [2][-]{subsection.4.1}{Functions}{section.4}% 15
\BOOKMARK [2][-]{subsection.4.2}{Variables}{section.4}% 16
\BOOKMARK [1][-]{section.5}{Module BilbasenDataMining.html}{}% 17
\BOOKMARK [2][-]{subsection.5.1}{Functions}{section.5}% 18
\BOOKMARK [2][-]{subsection.5.2}{Variables}{section.5}% 19
\BOOKMARK [1][-]{section.6}{Module BilbasenDataMining.main}{}% 20
\BOOKMARK [2][-]{subsection.6.1}{Functions}{section.6}% 21
\BOOKMARK [2][-]{subsection.6.2}{Variables}{section.6}% 22
\BOOKMARK [2][-]{subsection.6.3}{Class MiningBilbasen}{section.6}% 23
\BOOKMARK [3][-]{subsubsection.6.3.1}{Methods}{subsection.6.3}% 24
\BOOKMARK [1][-]{section*.2}{Index}{}% 25
